<?xml version="1.0" encoding="UTF-8"?>
<robot generator="Robot 6.1.1 (Python 3.11.5 on win32)" generated="20230916 22:53:21.238" rpa="false" schemaversion="4">
<suite id="s1" name="Amazon Testes" source="c:\Curso Udemy\RobotFramework\WebTesting\amazon_testes.robot">
<test id="s1-t1" name=" Caso de Teste 02 - Pesquisa de um Produto" line="18">
<kw name="Abrir o navegador" library="amazon_resources" type="SETUP">
<kw name="Open Browser" library="SeleniumLibrary">
<arg>browser=chrome</arg>
<doc>Opens a new browser instance to the optional ``url``.</doc>
<msg timestamp="20230916 22:53:21.572" level="INFO">Opening browser 'chrome' to base url 'None'.</msg>
<status status="PASS" starttime="20230916 22:53:21.557" endtime="20230916 22:53:23.801"/>
</kw>
<kw name="Maximize Browser Window" library="SeleniumLibrary">
<doc>Maximizes current browser window.</doc>
<status status="PASS" starttime="20230916 22:53:23.801" endtime="20230916 22:53:23.953"/>
</kw>
<status status="PASS" starttime="20230916 22:53:21.556" endtime="20230916 22:53:23.953"/>
</kw>
<kw name="Acessar a home page do site Amazon.com.br" library="amazon_resources">
<kw name="Go To" library="SeleniumLibrary">
<arg>url=${Url}</arg>
<doc>Navigates the current browser window to the provided ``url``.</doc>
<msg timestamp="20230916 22:53:23.969" level="INFO">Opening url 'http://www.amazon.com.br'</msg>
<status status="PASS" starttime="20230916 22:53:23.968" endtime="20230916 22:53:26.367"/>
</kw>
<kw name="Wait Until Element Is Visible" library="SeleniumLibrary">
<arg>locator=${Menu_Eletronicos}</arg>
<doc>Waits until the element ``locator`` is visible.</doc>
<status status="PASS" starttime="20230916 22:53:26.367" endtime="20230916 22:53:26.680"/>
</kw>
<kw name="Sleep" library="BuiltIn">
<arg>5</arg>
<doc>Pauses the test executed for the given time.</doc>
<msg timestamp="20230916 22:53:31.681" level="INFO">Slept 5 seconds</msg>
<status status="PASS" starttime="20230916 22:53:26.681" endtime="20230916 22:53:31.682"/>
</kw>
<status status="PASS" starttime="20230916 22:53:23.965" endtime="20230916 22:53:31.683"/>
</kw>
<kw name=" Digitar o nome de produto &quot;Xbox Series S&quot; no campo de pesquisa" library="amazon_resources">
<kw name="Input Text" library="SeleniumLibrary">
<arg>locator=twotabsearchtextbox</arg>
<arg>text=Xbox Series S</arg>
<doc>Types the given ``text`` into the text field identified by ``locator``.</doc>
<msg timestamp="20230916 22:53:31.689" level="INFO">Typing text 'Xbox Series S' into text field 'twotabsearchtextbox'.</msg>
<status status="PASS" starttime="20230916 22:53:31.687" endtime="20230916 22:53:32.052"/>
</kw>
<kw name="Sleep" library="BuiltIn">
<arg>5</arg>
<doc>Pauses the test executed for the given time.</doc>
<msg timestamp="20230916 22:53:37.052" level="INFO">Slept 5 seconds</msg>
<status status="PASS" starttime="20230916 22:53:32.052" endtime="20230916 22:53:37.053"/>
</kw>
<status status="PASS" starttime="20230916 22:53:31.685" endtime="20230916 22:53:37.053"/>
</kw>
<kw name=" Clicar no botão de pesquisa" library="amazon_resources">
<kw name="Click Element" library="SeleniumLibrary">
<arg>locator=nav-search-submit-button</arg>
<doc>Click the element identified by ``locator``.</doc>
<msg timestamp="20230916 22:53:37.062" level="INFO">Clicking element 'nav-search-submit-button'.</msg>
<status status="PASS" starttime="20230916 22:53:37.056" endtime="20230916 22:53:39.499"/>
</kw>
<kw name="Sleep" library="BuiltIn">
<arg>5</arg>
<doc>Pauses the test executed for the given time.</doc>
<msg timestamp="20230916 22:53:44.502" level="INFO">Slept 5 seconds</msg>
<status status="PASS" starttime="20230916 22:53:39.500" endtime="20230916 22:53:44.503"/>
</kw>
<status status="PASS" starttime="20230916 22:53:37.055" endtime="20230916 22:53:44.503"/>
</kw>
<kw name=" Verificar o resultado da pesquisa se está listando o produto &quot;Console Xbox Series S&quot;" library="amazon_resources">
<kw name="Wait Until Element Is Visible" library="SeleniumLibrary">
<arg>locator=(//span[contains(.,'Console Xbox Series S')])[2]</arg>
<doc>Waits until the element ``locator`` is visible.</doc>
<status status="PASS" starttime="20230916 22:53:44.506" endtime="20230916 22:53:44.584"/>
</kw>
<status status="PASS" starttime="20230916 22:53:44.505" endtime="20230916 22:53:44.584"/>
</kw>
<kw name="Fechar o navegador" library="amazon_resources" type="TEARDOWN">
<kw name="Capture Page Screenshot" library="SeleniumLibrary">
<doc>Takes a screenshot of the current page and embeds it into a log file.</doc>
<msg timestamp="20230916 22:53:44.994" level="INFO" html="true">&lt;/td&gt;&lt;/tr&gt;&lt;tr&gt;&lt;td colspan="3"&gt;&lt;a href="selenium-screenshot-42.png"&gt;&lt;img src="selenium-screenshot-42.png" width="800px"&gt;&lt;/a&gt;</msg>
<status status="PASS" starttime="20230916 22:53:44.586" endtime="20230916 22:53:44.995"/>
</kw>
<kw name="Close Browser" library="SeleniumLibrary">
<doc>Closes the current browser.</doc>
<status status="PASS" starttime="20230916 22:53:44.997" endtime="20230916 22:53:47.910"/>
</kw>
<status status="PASS" starttime="20230916 22:53:44.585" endtime="20230916 22:53:47.911"/>
</kw>
<doc>Esse teste verifica a busca de um produto</doc>
<tag>busca_produtos</tag>
<tag>lista_busca</tag>
<status status="PASS" starttime="20230916 22:53:21.555" endtime="20230916 22:53:47.912"/>
</test>
<doc>Essa suite testa o site da amazon.com.br</doc>
<status status="PASS" starttime="20230916 22:53:21.245" endtime="20230916 22:53:47.918"/>
</suite>
<statistics>
<total>
<stat pass="1" fail="0" skip="0">All Tests</stat>
</total>
<tag>
<stat pass="1" fail="0" skip="0">busca_produtos</stat>
<stat pass="1" fail="0" skip="0">lista_busca</stat>
</tag>
<suite>
<stat pass="1" fail="0" skip="0" id="s1" name="Amazon Testes">Amazon Testes</stat>
</suite>
</statistics>
<errors>
</errors>
</robot>
