<?xml version="1.0" encoding="UTF-8"?>
<robot generator="Robot 6.1.1 (Python 3.11.5 on win32)" generated="20230919 21:36:59.647" rpa="false" schemaversion="4">
<suite id="s1" name="Amazon Testes" source="c:\Users\vitor\OneDrive\Documentos\Curso Udemy\RobotFramework\WebTesting\amazon_testes.robot">
<test id="s1-t1" name="Caso de Teste 01 - Acesso ao menu &quot;Eletrônicos&quot;" line="9">
<kw name="Abrir o navegador" library="amazon_resources" type="SETUP">
<kw name="Open Browser" library="SeleniumLibrary">
<arg>browser=chrome</arg>
<doc>Opens a new browser instance to the optional ``url``.</doc>
<msg timestamp="20230919 21:37:00.049" level="INFO">Opening browser 'chrome' to base url 'None'.</msg>
<status status="PASS" starttime="20230919 21:37:00.049" endtime="20230919 21:37:03.182"/>
</kw>
<kw name="Maximize Browser Window" library="SeleniumLibrary">
<doc>Maximizes current browser window.</doc>
<status status="PASS" starttime="20230919 21:37:03.182" endtime="20230919 21:37:03.348"/>
</kw>
<status status="PASS" starttime="20230919 21:37:00.049" endtime="20230919 21:37:03.348"/>
</kw>
<kw name="Acessar a home page do site Amazon.com.br" library="amazon_resources">
<kw name="Go To" library="SeleniumLibrary">
<arg>url=${Url}</arg>
<doc>Navigates the current browser window to the provided ``url``.</doc>
<msg timestamp="20230919 21:37:03.371" level="INFO">Opening url 'http://www.amazon.com.br'</msg>
<status status="PASS" starttime="20230919 21:37:03.366" endtime="20230919 21:37:06.594"/>
</kw>
<kw name="Wait Until Element Is Visible" library="SeleniumLibrary">
<arg>locator=${Menu_Eletronicos}</arg>
<doc>Waits until the element ``locator`` is visible.</doc>
<status status="PASS" starttime="20230919 21:37:06.595" endtime="20230919 21:37:07.084"/>
</kw>
<kw name="Sleep" library="BuiltIn">
<arg>5</arg>
<doc>Pauses the test executed for the given time.</doc>
<msg timestamp="20230919 21:37:12.094" level="INFO">Slept 5 seconds</msg>
<status status="PASS" starttime="20230919 21:37:07.090" endtime="20230919 21:37:12.094"/>
</kw>
<status status="PASS" starttime="20230919 21:37:03.366" endtime="20230919 21:37:12.094"/>
</kw>
<kw name="Entrar no menu &quot;Eletrônicos&quot;" library="amazon_resources">
<kw name="Click Element" library="SeleniumLibrary">
<arg>locator=${Menu_Eletronicos}</arg>
<doc>Click the element identified by ``locator``.</doc>
<msg timestamp="20230919 21:37:12.094" level="INFO">Clicking element '//a[@href='/Eletronicos-e-Tecnologia/b/?ie=UTF8&amp;node=16209062011&amp;ref_=nav_cs_electronics'][contains(.,'Eletrônicos')]'.</msg>
<status status="PASS" starttime="20230919 21:37:12.094" endtime="20230919 21:37:14.896"/>
</kw>
<kw name="Sleep" library="BuiltIn">
<arg>5</arg>
<doc>Pauses the test executed for the given time.</doc>
<msg timestamp="20230919 21:37:19.902" level="INFO">Slept 5 seconds</msg>
<status status="PASS" starttime="20230919 21:37:14.896" endtime="20230919 21:37:19.902"/>
</kw>
<status status="PASS" starttime="20230919 21:37:12.094" endtime="20230919 21:37:19.902"/>
</kw>
<kw name="Verificar se aparece a frase &quot;Eletrônicos e Tecnologia&quot;" library="amazon_resources">
<kw name="Wait Until Page Contains" library="SeleniumLibrary">
<arg>text=${Texto_Header_Eletronicos}</arg>
<doc>Waits until ``text`` appears on the current page.</doc>
<status status="PASS" starttime="20230919 21:37:19.902" endtime="20230919 21:37:19.999"/>
</kw>
<kw name="Sleep" library="BuiltIn">
<arg>5</arg>
<doc>Pauses the test executed for the given time.</doc>
<msg timestamp="20230919 21:37:25.008" level="INFO">Slept 5 seconds</msg>
<status status="PASS" starttime="20230919 21:37:20.007" endtime="20230919 21:37:25.009"/>
</kw>
<status status="PASS" starttime="20230919 21:37:19.902" endtime="20230919 21:37:25.009"/>
</kw>
<kw name="Verificar se o título da página fica &quot;Eletrônicos e Tecnologia | Amazon.com.br&quot;" library="amazon_resources" sourcename="Verificar se o título da página fica &quot;${TITULO}&quot;">
<kw name="Title Should Be" library="SeleniumLibrary">
<arg>title=${TITULO}</arg>
<doc>Verifies that the current page title equals ``title``.</doc>
<msg timestamp="20230919 21:37:25.033" level="INFO">Page title is 'Eletrônicos e Tecnologia | Amazon.com.br'.</msg>
<status status="PASS" starttime="20230919 21:37:25.009" endtime="20230919 21:37:25.036"/>
</kw>
<kw name="Sleep" library="BuiltIn">
<arg>5</arg>
<doc>Pauses the test executed for the given time.</doc>
<msg timestamp="20230919 21:37:30.036" level="INFO">Slept 5 seconds</msg>
<status status="PASS" starttime="20230919 21:37:25.036" endtime="20230919 21:37:30.036"/>
</kw>
<status status="PASS" starttime="20230919 21:37:25.009" endtime="20230919 21:37:30.036"/>
</kw>
<kw name="Verificar se aparece a categoria &quot;Computadores e Informática&quot;" library="amazon_resources" sourcename="Verificar se aparece a categoria &quot;${Nome_Categoria}&quot;">
<kw name="Element Should Be Visible" library="SeleniumLibrary">
<arg>locator=//a[@aria-label='${Nome_Categoria}']</arg>
<doc>Verifies that the element identified by ``locator`` is visible.</doc>
<msg timestamp="20230919 21:37:30.130" level="INFO">Element '//a[@aria-label='Computadores e Informática']' is displayed.</msg>
<status status="PASS" starttime="20230919 21:37:30.036" endtime="20230919 21:37:30.130"/>
</kw>
<kw name="Sleep" library="BuiltIn">
<arg>5</arg>
<doc>Pauses the test executed for the given time.</doc>
<msg timestamp="20230919 21:37:35.131" level="INFO">Slept 5 seconds</msg>
<status status="PASS" starttime="20230919 21:37:30.130" endtime="20230919 21:37:35.131"/>
</kw>
<status status="PASS" starttime="20230919 21:37:30.036" endtime="20230919 21:37:35.131"/>
</kw>
<kw name="Fechar o navegador" library="amazon_resources" type="TEARDOWN">
<kw name="Capture Page Screenshot" library="SeleniumLibrary">
<doc>Takes a screenshot of the current page and embeds it into a log file.</doc>
<msg timestamp="20230919 21:37:35.419" level="INFO" html="true">&lt;/td&gt;&lt;/tr&gt;&lt;tr&gt;&lt;td colspan="3"&gt;&lt;a href="selenium-screenshot-45.png"&gt;&lt;img src="selenium-screenshot-45.png" width="800px"&gt;&lt;/a&gt;</msg>
<status status="PASS" starttime="20230919 21:37:35.135" endtime="20230919 21:37:35.419"/>
</kw>
<kw name="Close Browser" library="SeleniumLibrary">
<doc>Closes the current browser.</doc>
<status status="PASS" starttime="20230919 21:37:35.420" endtime="20230919 21:37:37.766"/>
</kw>
<status status="PASS" starttime="20230919 21:37:35.135" endtime="20230919 21:37:37.766"/>
</kw>
<doc>Esse teste verifica o menu eletrônicos do site da Amazon.com.br
e verifica a categoria Computadores e Informática</doc>
<tag>categorias</tag>
<tag>menus</tag>
<status status="PASS" starttime="20230919 21:37:00.040" endtime="20230919 21:37:37.766"/>
</test>
<doc>Essa suite testa o site da amazon.com.br</doc>
<status status="PASS" starttime="20230919 21:36:59.660" endtime="20230919 21:37:37.766"/>
</suite>
<statistics>
<total>
<stat pass="1" fail="0" skip="0">All Tests</stat>
</total>
<tag>
<stat pass="1" fail="0" skip="0">categorias</stat>
<stat pass="1" fail="0" skip="0">menus</stat>
</tag>
<suite>
<stat pass="1" fail="0" skip="0" id="s1" name="Amazon Testes">Amazon Testes</stat>
</suite>
</statistics>
<errors>
</errors>
</robot>
